2025-07-07 17:54:43,031 - INFO - --- Starting Scraping for Prothom Alo with Surgical Clicking ---
2025-07-07 17:54:51,278 - INFO - patching driver executable C:\Users\ASUS\appdata\roaming\undetected_chromedriver\undetected_chromedriver.exe
2025-07-07 17:54:55,530 - INFO - 
--- Starting section: https://www.prothomalo.com/bangladesh ---
2025-07-07 17:55:00,718 - INFO - Human behavior: Simulating reading for 3-6s...
2025-07-07 17:55:07,999 - INFO - Human behavior: Mouse moved to target element.
2025-07-07 17:55:08,843 - INFO - Surgical Click: Executed JavaScript click to avoid interception.
2025-07-07 17:55:15,727 - INFO - Human behavior: Mouse moved to target element.
2025-07-07 17:55:16,498 - INFO - Surgical Click: Executed JavaScript click to avoid interception.
2025-07-07 17:55:21,825 - INFO - Human behavior: Mouse moved to target element.
2025-07-07 17:55:22,719 - INFO - Surgical Click: Executed JavaScript click to avoid interception.
2025-07-07 17:55:28,626 - INFO - Human behavior: Mouse moved to target element.
2025-07-07 17:55:29,422 - INFO - Surgical Click: Executed JavaScript click to avoid interception.
2025-07-07 17:55:35,759 - INFO - Human behavior: Mouse moved to target element.
2025-07-07 17:55:36,406 - INFO - Surgical Click: Executed JavaScript click to avoid interception.
2025-07-07 17:55:42,024 - INFO - Human behavior: Mouse moved to target element.
2025-07-07 17:55:42,970 - INFO - Surgical Click: Executed JavaScript click to avoid interception.
2025-07-07 17:55:49,939 - INFO - Human behavior: Mouse moved to target element.
2025-07-07 17:55:50,898 - INFO - Surgical Click: Executed JavaScript click to avoid interception.
2025-07-07 17:55:57,621 - INFO - Human behavior: Mouse moved to target element.
2025-07-07 17:55:58,343 - INFO - Surgical Click: Executed JavaScript click to avoid interception.
2025-07-07 17:56:06,033 - INFO - Human behavior: Mouse moved to target element.
2025-07-07 17:56:06,667 - INFO - Surgical Click: Executed JavaScript click to avoid interception.
2025-07-07 17:56:13,918 - INFO - Human behavior: Mouse moved to target element.
2025-07-07 17:56:14,528 - INFO - Surgical Click: Executed JavaScript click to avoid interception.
2025-07-07 17:56:21,465 - INFO - Human behavior: Mouse moved to target element.
2025-07-07 17:56:22,386 - INFO - Surgical Click: Executed JavaScript click to avoid interception.
2025-07-07 17:56:26,881 - INFO - Appended 50 new articles to 'prothom_alo_articles.csv'
2025-07-07 17:56:26,881 - INFO - 
--- Finalizing Data ---
2025-07-07 17:56:27,149 - INFO - Removed 0 duplicates.
2025-07-07 17:56:27,149 - INFO - ✅ Success! 50 unique articles saved to 'prothom_alo_articles.csv'
