2025-07-08 21:06:03,210 - INFO - Loaded 0 previously scraped URLs.
2025-07-08 21:06:14,785 - INFO - patching driver executable C:\Users\ASUS\appdata\roaming\undetected_chromedriver\undetected_chromedriver.exe
2025-07-08 21:07:46,128 - INFO - User has completed the search. Resuming automated scraping.
2025-07-08 21:07:46,128 - INFO - Scraping page 1...
2025-07-08 21:07:48,643 - WARNING - Skipping article due to missing title or date. URL: https://www.bonikbarta.com/bangladesh/4FQQPLYH0i2O1vWe/
2025-07-08 21:07:48,793 - WARNING - Skipping article due to missing title or date. URL: https://www.bonikbarta.com/bangladesh/CpOjxeGEAk8ESY5a/
2025-07-08 21:07:48,942 - WARNING - Skipping article due to missing title or date. URL: https://www.bonikbarta.com/bangladesh/hMORNH1sx3OtLDHD/
2025-07-08 21:07:49,059 - WARNING - Skipping article due to missing title or date. URL: https://www.bonikbarta.com/bangladesh/v75qoP1A3c5ewWKo/
2025-07-08 21:07:49,193 - WARNING - Skipping article due to missing title or date. URL: https://www.bonikbarta.com/bangladesh/gIpHg2zkfuRPeJHz/
2025-07-08 21:07:49,324 - WARNING - Skipping article due to missing title or date. URL: https://www.bonikbarta.com/bangladesh/t9L2RrHUJvhGPSQv/
2025-07-08 21:07:49,474 - WARNING - Skipping article due to missing title or date. URL: https://www.bonikbarta.com/bangladesh/R8hbJVDAF0BgCPdl/
2025-07-08 21:07:49,610 - WARNING - Skipping article due to missing title or date. URL: https://www.bonikbarta.com/bangladesh/xvnWei2VrO8ozIdi/
2025-07-08 21:07:49,760 - WARNING - Skipping article due to missing title or date. URL: https://www.bonikbarta.com/bangladesh/RiDlKNyex6HDZNsn/
2025-07-08 21:07:49,876 - WARNING - Skipping article due to missing title or date. URL: https://www.bonikbarta.com/bangladesh/UUR1j193FPJQuWUX/
2025-07-08 21:07:50,026 - WARNING - Skipping article due to missing title or date. URL: https://www.bonikbarta.com/bangladesh/9ny6akebKMQQYjYM/
2025-07-08 21:07:50,143 - WARNING - Skipping article due to missing title or date. URL: https://www.bonikbarta.com/bangladesh/wHfS1DxPc6NGEbkP/
2025-07-08 21:07:50,258 - WARNING - Skipping article due to missing title or date. URL: https://www.bonikbarta.com/bangladesh/uRx9o8ipSAdcB8zQ/
2025-07-08 21:07:50,408 - WARNING - Skipping article due to missing title or date. URL: https://www.bonikbarta.com/bangladesh/maauoLtHQqQbFUCq/
2025-07-08 21:07:50,533 - WARNING - Skipping article due to missing title or date. URL: https://www.bonikbarta.com/bangladesh/QJJGDTUZZHXup5XR/
2025-07-08 21:07:50,675 - WARNING - Skipping article due to missing title or date. URL: https://www.bonikbarta.com/bangladesh/7LBad2mZTrIzHtSR/
2025-07-08 21:07:50,804 - WARNING - Skipping article due to missing title or date. URL: https://www.bonikbarta.com/bangladesh/99LyihNdp8knvAnY/
2025-07-08 21:07:50,925 - WARNING - Skipping article due to missing title or date. URL: https://www.bonikbarta.com/bangladesh/1pDpdxs4bQ4d13rm/
2025-07-08 21:07:51,059 - WARNING - Skipping article due to missing title or date. URL: https://www.bonikbarta.com/bangladesh/eyDROu611aH74AOy/
2025-07-08 21:07:51,175 - WARNING - Skipping article due to missing title or date. URL: https://www.bonikbarta.com/bangladesh/pJ972xaLxPdbhI9W/
2025-07-08 21:08:11,325 - INFO - No 'Next' button found. Reached the end of the results.
2025-07-08 21:08:11,325 - INFO - Scraping finished. The browser window will close in 5 seconds.
2025-07-08 21:08:16,340 - INFO - ✅ Done. No articles were saved.
